{"level":30,"time":1640268163615,"pid":71491,"hostname":"EPRUIZHW00BE","msg":"Server listening at http://127.0.0.1:4000"}
{"level":30,"time":1640268201257,"pid":71595,"hostname":"EPRUIZHW00BE","msg":"Server listening at http://127.0.0.1:4000"}
{"level":30,"time":1640268205643,"pid":71595,"hostname":"EPRUIZHW00BE","reqId":"req-1","req":{"method":"POST","url":"/boards","params":{},"hostname":"localhost:4000"},"msg":"incoming request"}
{"level":30,"time":1640268205645,"pid":71595,"hostname":"EPRUIZHW00BE","reqId":"req-1","body":{"title":"Autotest board","columns":[{"title":"Backlog","order":1},{"title":"Sprint","order":2}]},"msg":"parsed body"}
{"level":30,"time":1640268205649,"pid":71595,"hostname":"EPRUIZHW00BE","reqId":"req-1","res":{"statusCode":201},"responseTime":6.261924982070923,"msg":"request completed"}
{"level":30,"time":1640268205654,"pid":71595,"hostname":"EPRUIZHW00BE","reqId":"req-2","req":{"method":"POST","url":"/boards/da8a3e22-72f3-4914-b4e8-b3d2ae7ae838/tasks","params":{"board":"da8a3e22-72f3-4914-b4e8-b3d2ae7ae838"},"hostname":"localhost:4000"},"msg":"incoming request"}
{"level":30,"time":1640268205654,"pid":71595,"hostname":"EPRUIZHW00BE","reqId":"req-2","body":{"title":"Autotest task","order":0,"description":"Lorem ipsum","userId":null,"boardId":null,"columnId":null},"msg":"parsed body"}
{"level":30,"time":1640268205655,"pid":71595,"hostname":"EPRUIZHW00BE","reqId":"req-2","res":{"statusCode":201},"responseTime":0.8812830448150635,"msg":"request completed"}
{"level":30,"time":1640268205661,"pid":71595,"hostname":"EPRUIZHW00BE","reqId":"req-3","req":{"method":"GET","url":"/boards/da8a3e22-72f3-4914-b4e8-b3d2ae7ae838/tasks","params":{"board":"da8a3e22-72f3-4914-b4e8-b3d2ae7ae838"},"hostname":"localhost:4000"},"msg":"incoming request"}
{"level":30,"time":1640268205661,"pid":71595,"hostname":"EPRUIZHW00BE","reqId":"req-3","res":{"statusCode":200},"responseTime":0.5513360500335693,"msg":"request completed"}
{"level":30,"time":1640268205669,"pid":71595,"hostname":"EPRUIZHW00BE","reqId":"req-4","req":{"method":"GET","url":"/boards/da8a3e22-72f3-4914-b4e8-b3d2ae7ae838/tasks","params":{"board":"da8a3e22-72f3-4914-b4e8-b3d2ae7ae838"},"hostname":"localhost:4000"},"msg":"incoming request"}
{"level":30,"time":1640268205669,"pid":71595,"hostname":"EPRUIZHW00BE","reqId":"req-4","res":{"statusCode":200},"responseTime":0.20769405364990234,"msg":"request completed"}
{"level":30,"time":1640268205672,"pid":71595,"hostname":"EPRUIZHW00BE","reqId":"req-5","req":{"method":"GET","url":"/boards/da8a3e22-72f3-4914-b4e8-b3d2ae7ae838/tasks/875ae368-13e0-437e-a77a-5509f2aa5755","params":{"board":"da8a3e22-72f3-4914-b4e8-b3d2ae7ae838","task":"875ae368-13e0-437e-a77a-5509f2aa5755"},"hostname":"localhost:4000"},"msg":"incoming request"}
{"level":30,"time":1640268205672,"pid":71595,"hostname":"EPRUIZHW00BE","reqId":"req-5","res":{"statusCode":200},"responseTime":0.4628419876098633,"msg":"request completed"}
{"level":30,"time":1640268205677,"pid":71595,"hostname":"EPRUIZHW00BE","reqId":"req-6","req":{"method":"POST","url":"/boards/da8a3e22-72f3-4914-b4e8-b3d2ae7ae838/tasks","params":{"board":"da8a3e22-72f3-4914-b4e8-b3d2ae7ae838"},"hostname":"localhost:4000"},"msg":"incoming request"}
{"level":30,"time":1640268205678,"pid":71595,"hostname":"EPRUIZHW00BE","reqId":"req-6","body":{"title":"Autotest task","order":0,"description":"Lorem ipsum","userId":null,"boardId":null,"columnId":null},"msg":"parsed body"}
{"level":30,"time":1640268205678,"pid":71595,"hostname":"EPRUIZHW00BE","reqId":"req-6","res":{"statusCode":201},"responseTime":0.9043760299682617,"msg":"request completed"}
{"level":30,"time":1640268205720,"pid":71595,"hostname":"EPRUIZHW00BE","reqId":"req-7","req":{"method":"DELETE","url":"/boards/da8a3e22-72f3-4914-b4e8-b3d2ae7ae838/tasks/2bbb0903-dbff-47a8-b472-a9641db99722","params":{"board":"da8a3e22-72f3-4914-b4e8-b3d2ae7ae838","task":"2bbb0903-dbff-47a8-b472-a9641db99722"},"hostname":"localhost:4000"},"msg":"incoming request"}
{"level":30,"time":1640268205721,"pid":71595,"hostname":"EPRUIZHW00BE","reqId":"req-7","res":{"statusCode":204},"responseTime":0.4900209903717041,"msg":"request completed"}
{"level":30,"time":1640268205725,"pid":71595,"hostname":"EPRUIZHW00BE","reqId":"req-8","req":{"method":"POST","url":"/boards/da8a3e22-72f3-4914-b4e8-b3d2ae7ae838/tasks","params":{"board":"da8a3e22-72f3-4914-b4e8-b3d2ae7ae838"},"hostname":"localhost:4000"},"msg":"incoming request"}
{"level":30,"time":1640268205726,"pid":71595,"hostname":"EPRUIZHW00BE","reqId":"req-8","body":{"title":"Autotest task","order":0,"description":"Lorem ipsum","userId":null,"boardId":null,"columnId":null},"msg":"parsed body"}
{"level":30,"time":1640268205726,"pid":71595,"hostname":"EPRUIZHW00BE","reqId":"req-8","res":{"statusCode":201},"responseTime":0.40352702140808105,"msg":"request completed"}
{"level":30,"time":1640268205730,"pid":71595,"hostname":"EPRUIZHW00BE","reqId":"req-9","req":{"method":"PUT","url":"/boards/da8a3e22-72f3-4914-b4e8-b3d2ae7ae838/tasks/01cef987-cf7b-406b-9030-6a5b62b2153e","params":{"board":"da8a3e22-72f3-4914-b4e8-b3d2ae7ae838","task":"01cef987-cf7b-406b-9030-6a5b62b2153e"},"hostname":"localhost:4000"},"msg":"incoming request"}
{"level":30,"time":1640268205730,"pid":71595,"hostname":"EPRUIZHW00BE","reqId":"req-9","body":{"title":"Autotest updated task","order":0,"description":"Lorem ipsum","userId":null,"boardId":"da8a3e22-72f3-4914-b4e8-b3d2ae7ae838","columnId":null,"id":"01cef987-cf7b-406b-9030-6a5b62b2153e"},"msg":"parsed body"}
{"level":30,"time":1640268205731,"pid":71595,"hostname":"EPRUIZHW00BE","reqId":"req-9","res":{"statusCode":200},"responseTime":0.7672150135040283,"msg":"request completed"}
{"level":30,"time":1640268205737,"pid":71595,"hostname":"EPRUIZHW00BE","reqId":"req-a","req":{"method":"GET","url":"/boards/da8a3e22-72f3-4914-b4e8-b3d2ae7ae838/tasks/01cef987-cf7b-406b-9030-6a5b62b2153e","params":{"board":"da8a3e22-72f3-4914-b4e8-b3d2ae7ae838","task":"01cef987-cf7b-406b-9030-6a5b62b2153e"},"hostname":"localhost:4000"},"msg":"incoming request"}
{"level":30,"time":1640268205737,"pid":71595,"hostname":"EPRUIZHW00BE","reqId":"req-a","res":{"statusCode":200},"responseTime":0.40856504440307617,"msg":"request completed"}
{"level":30,"time":1640268205746,"pid":71595,"hostname":"EPRUIZHW00BE","reqId":"req-b","req":{"method":"GET","url":"/boards/da8a3e22-72f3-4914-b4e8-b3d2ae7ae838/tasks/875ae368-13e0-437e-a77a-5509f2aa5755","params":{"board":"da8a3e22-72f3-4914-b4e8-b3d2ae7ae838","task":"875ae368-13e0-437e-a77a-5509f2aa5755"},"hostname":"localhost:4000"},"msg":"incoming request"}
{"level":30,"time":1640268205747,"pid":71595,"hostname":"EPRUIZHW00BE","reqId":"req-b","res":{"statusCode":200},"responseTime":0.296489953994751,"msg":"request completed"}
{"level":30,"time":1640268205748,"pid":71595,"hostname":"EPRUIZHW00BE","reqId":"req-c","req":{"method":"DELETE","url":"/boards/da8a3e22-72f3-4914-b4e8-b3d2ae7ae838/tasks/875ae368-13e0-437e-a77a-5509f2aa5755","params":{"board":"da8a3e22-72f3-4914-b4e8-b3d2ae7ae838","task":"875ae368-13e0-437e-a77a-5509f2aa5755"},"hostname":"localhost:4000"},"msg":"incoming request"}
{"level":30,"time":1640268205749,"pid":71595,"hostname":"EPRUIZHW00BE","reqId":"req-c","res":{"statusCode":204},"responseTime":0.16901302337646484,"msg":"request completed"}
{"level":30,"time":1640268205751,"pid":71595,"hostname":"EPRUIZHW00BE","reqId":"req-d","req":{"method":"GET","url":"/boards/da8a3e22-72f3-4914-b4e8-b3d2ae7ae838/tasks/875ae368-13e0-437e-a77a-5509f2aa5755","params":{"board":"da8a3e22-72f3-4914-b4e8-b3d2ae7ae838","task":"875ae368-13e0-437e-a77a-5509f2aa5755"},"hostname":"localhost:4000"},"msg":"incoming request"}
{"level":30,"time":1640268205751,"pid":71595,"hostname":"EPRUIZHW00BE","reqId":"req-d","msg":"Route GET:/boards/da8a3e22-72f3-4914-b4e8-b3d2ae7ae838/tasks/875ae368-13e0-437e-a77a-5509f2aa5755 not found"}
{"level":30,"time":1640268205751,"pid":71595,"hostname":"EPRUIZHW00BE","reqId":"req-d","res":{"statusCode":404},"responseTime":0.5486969947814941,"msg":"request completed"}
{"level":30,"time":1640268205754,"pid":71595,"hostname":"EPRUIZHW00BE","reqId":"req-e","req":{"method":"DELETE","url":"/boards/da8a3e22-72f3-4914-b4e8-b3d2ae7ae838","params":{"board":"da8a3e22-72f3-4914-b4e8-b3d2ae7ae838"},"hostname":"localhost:4000"},"msg":"incoming request"}
{"level":30,"time":1640268205754,"pid":71595,"hostname":"EPRUIZHW00BE","reqId":"req-e","res":{"statusCode":204},"responseTime":0.4273960590362549,"msg":"request completed"}
{"level":30,"time":1640268205943,"pid":71595,"hostname":"EPRUIZHW00BE","reqId":"req-f","req":{"method":"POST","url":"/boards","params":{},"hostname":"localhost:4000"},"msg":"incoming request"}
{"level":30,"time":1640268205944,"pid":71595,"hostname":"EPRUIZHW00BE","reqId":"req-f","body":{"title":"Autotest board","columns":[{"title":"Backlog","order":1},{"title":"Sprint","order":2}]},"msg":"parsed body"}
{"level":30,"time":1640268205944,"pid":71595,"hostname":"EPRUIZHW00BE","reqId":"req-f","res":{"statusCode":201},"responseTime":0.4715259075164795,"msg":"request completed"}
{"level":30,"time":1640268205949,"pid":71595,"hostname":"EPRUIZHW00BE","reqId":"req-g","req":{"method":"GET","url":"/boards","params":{},"hostname":"localhost:4000"},"msg":"incoming request"}
{"level":30,"time":1640268205949,"pid":71595,"hostname":"EPRUIZHW00BE","reqId":"req-g","res":{"statusCode":200},"responseTime":0.3778550624847412,"msg":"request completed"}
{"level":30,"time":1640268205955,"pid":71595,"hostname":"EPRUIZHW00BE","reqId":"req-h","req":{"method":"GET","url":"/boards","params":{},"hostname":"localhost:4000"},"msg":"incoming request"}
{"level":30,"time":1640268205956,"pid":71595,"hostname":"EPRUIZHW00BE","reqId":"req-h","res":{"statusCode":200},"responseTime":0.27968692779541016,"msg":"request completed"}
{"level":30,"time":1640268205959,"pid":71595,"hostname":"EPRUIZHW00BE","reqId":"req-i","req":{"method":"GET","url":"/boards/369ab91f-b54a-460d-b245-7dad2386964d","params":{"board":"369ab91f-b54a-460d-b245-7dad2386964d"},"hostname":"localhost:4000"},"msg":"incoming request"}
{"level":30,"time":1640268205959,"pid":71595,"hostname":"EPRUIZHW00BE","reqId":"req-i","res":{"statusCode":200},"responseTime":0.4401121139526367,"msg":"request completed"}
{"level":30,"time":1640268205965,"pid":71595,"hostname":"EPRUIZHW00BE","reqId":"req-j","req":{"method":"POST","url":"/boards","params":{},"hostname":"localhost:4000"},"msg":"incoming request"}
{"level":30,"time":1640268205965,"pid":71595,"hostname":"EPRUIZHW00BE","reqId":"req-j","body":{"title":"Autotest board","columns":[{"title":"Backlog","order":1},{"title":"Sprint","order":2}]},"msg":"parsed body"}
{"level":30,"time":1640268205966,"pid":71595,"hostname":"EPRUIZHW00BE","reqId":"req-j","res":{"statusCode":201},"responseTime":0.3455991744995117,"msg":"request completed"}
{"level":30,"time":1640268205969,"pid":71595,"hostname":"EPRUIZHW00BE","reqId":"req-k","req":{"method":"DELETE","url":"/boards/3629475a-acd5-4cb5-ada6-0c51a5db5d72","params":{"board":"3629475a-acd5-4cb5-ada6-0c51a5db5d72"},"hostname":"localhost:4000"},"msg":"incoming request"}
{"level":30,"time":1640268205969,"pid":71595,"hostname":"EPRUIZHW00BE","reqId":"req-k","res":{"statusCode":204},"responseTime":0.23193001747131348,"msg":"request completed"}
{"level":30,"time":1640268205973,"pid":71595,"hostname":"EPRUIZHW00BE","reqId":"req-l","req":{"method":"POST","url":"/boards","params":{},"hostname":"localhost:4000"},"msg":"incoming request"}
{"level":30,"time":1640268205973,"pid":71595,"hostname":"EPRUIZHW00BE","reqId":"req-l","body":{"title":"Autotest board","columns":[{"title":"Backlog","order":1},{"title":"Sprint","order":2}]},"msg":"parsed body"}
{"level":30,"time":1640268205973,"pid":71595,"hostname":"EPRUIZHW00BE","reqId":"req-l","res":{"statusCode":201},"responseTime":0.49497413635253906,"msg":"request completed"}
{"level":30,"time":1640268205976,"pid":71595,"hostname":"EPRUIZHW00BE","reqId":"req-m","req":{"method":"PUT","url":"/boards/b030afb5-c7dd-42da-ab9b-edefdd150505","params":{"board":"b030afb5-c7dd-42da-ab9b-edefdd150505"},"hostname":"localhost:4000"},"msg":"incoming request"}
{"level":30,"time":1640268205976,"pid":71595,"hostname":"EPRUIZHW00BE","reqId":"req-m","body":{"title":"Autotest updated board","columns":[{"title":"Backlog","order":1},{"title":"Sprint","order":2}],"id":"b030afb5-c7dd-42da-ab9b-edefdd150505"},"msg":"parsed body"}
{"level":30,"time":1640268205977,"pid":71595,"hostname":"EPRUIZHW00BE","reqId":"req-m","res":{"statusCode":200},"responseTime":0.6522138118743896,"msg":"request completed"}
{"level":30,"time":1640268205979,"pid":71595,"hostname":"EPRUIZHW00BE","reqId":"req-n","req":{"method":"GET","url":"/boards/b030afb5-c7dd-42da-ab9b-edefdd150505","params":{"board":"b030afb5-c7dd-42da-ab9b-edefdd150505"},"hostname":"localhost:4000"},"msg":"incoming request"}
{"level":30,"time":1640268205979,"pid":71595,"hostname":"EPRUIZHW00BE","reqId":"req-n","res":{"statusCode":200},"responseTime":0.16408586502075195,"msg":"request completed"}
{"level":30,"time":1640268205981,"pid":71595,"hostname":"EPRUIZHW00BE","reqId":"req-o","req":{"method":"DELETE","url":"/boards/b030afb5-c7dd-42da-ab9b-edefdd150505","params":{"board":"b030afb5-c7dd-42da-ab9b-edefdd150505"},"hostname":"localhost:4000"},"msg":"incoming request"}
{"level":30,"time":1640268205981,"pid":71595,"hostname":"EPRUIZHW00BE","reqId":"req-o","res":{"statusCode":204},"responseTime":0.16357016563415527,"msg":"request completed"}
{"level":30,"time":1640268205984,"pid":71595,"hostname":"EPRUIZHW00BE","reqId":"req-p","req":{"method":"POST","url":"/boards","params":{},"hostname":"localhost:4000"},"msg":"incoming request"}
{"level":30,"time":1640268205984,"pid":71595,"hostname":"EPRUIZHW00BE","reqId":"req-p","body":{"title":"Autotest board","columns":[{"title":"Backlog","order":1},{"title":"Sprint","order":2}]},"msg":"parsed body"}
{"level":30,"time":1640268205985,"pid":71595,"hostname":"EPRUIZHW00BE","reqId":"req-p","res":{"statusCode":201},"responseTime":0.4978969097137451,"msg":"request completed"}
{"level":30,"time":1640268205986,"pid":71595,"hostname":"EPRUIZHW00BE","reqId":"req-q","req":{"method":"DELETE","url":"/boards/544a4a0e-37c9-424d-b249-5b1f4658ab77","params":{"board":"544a4a0e-37c9-424d-b249-5b1f4658ab77"},"hostname":"localhost:4000"},"msg":"incoming request"}
{"level":30,"time":1640268205987,"pid":71595,"hostname":"EPRUIZHW00BE","reqId":"req-q","res":{"statusCode":204},"responseTime":0.1369001865386963,"msg":"request completed"}
{"level":30,"time":1640268205989,"pid":71595,"hostname":"EPRUIZHW00BE","reqId":"req-r","req":{"method":"GET","url":"/boards/544a4a0e-37c9-424d-b249-5b1f4658ab77","params":{"board":"544a4a0e-37c9-424d-b249-5b1f4658ab77"},"hostname":"localhost:4000"},"msg":"incoming request"}
{"level":30,"time":1640268205989,"pid":71595,"hostname":"EPRUIZHW00BE","reqId":"req-r","msg":"Route GET:/boards/544a4a0e-37c9-424d-b249-5b1f4658ab77 not found"}
{"level":30,"time":1640268205989,"pid":71595,"hostname":"EPRUIZHW00BE","reqId":"req-r","res":{"statusCode":404},"responseTime":0.200775146484375,"msg":"request completed"}
{"level":30,"time":1640268205993,"pid":71595,"hostname":"EPRUIZHW00BE","reqId":"req-s","req":{"method":"POST","url":"/boards","params":{},"hostname":"localhost:4000"},"msg":"incoming request"}
{"level":30,"time":1640268205993,"pid":71595,"hostname":"EPRUIZHW00BE","reqId":"req-s","body":{"title":"Autotest board","columns":[{"title":"Backlog","order":1},{"title":"Sprint","order":2}]},"msg":"parsed body"}
{"level":30,"time":1640268205993,"pid":71595,"hostname":"EPRUIZHW00BE","reqId":"req-s","res":{"statusCode":201},"responseTime":0.451915979385376,"msg":"request completed"}
{"level":30,"time":1640268206000,"pid":71595,"hostname":"EPRUIZHW00BE","reqId":"req-t","req":{"method":"POST","url":"/boards/a0fef90a-8994-4f43-a4c6-96dc6e46ea0f/tasks","params":{"board":"a0fef90a-8994-4f43-a4c6-96dc6e46ea0f"},"hostname":"localhost:4000"},"msg":"incoming request"}
{"level":30,"time":1640268206000,"pid":71595,"hostname":"EPRUIZHW00BE","reqId":"req-t","body":{"title":"Task #1","order":1,"description":"Lorem ipsum","boardId":"a0fef90a-8994-4f43-a4c6-96dc6e46ea0f","userId":null,"columnId":null},"msg":"parsed body"}
{"level":30,"time":1640268206000,"pid":71595,"hostname":"EPRUIZHW00BE","reqId":"req-t","res":{"statusCode":201},"responseTime":0.32344889640808105,"msg":"request completed"}
{"level":30,"time":1640268206000,"pid":71595,"hostname":"EPRUIZHW00BE","reqId":"req-u","req":{"method":"POST","url":"/boards/a0fef90a-8994-4f43-a4c6-96dc6e46ea0f/tasks","params":{"board":"a0fef90a-8994-4f43-a4c6-96dc6e46ea0f"},"hostname":"localhost:4000"},"msg":"incoming request"}
{"level":30,"time":1640268206001,"pid":71595,"hostname":"EPRUIZHW00BE","reqId":"req-u","body":{"title":"Task #2","order":2,"description":"Lorem ipsum","boardId":"a0fef90a-8994-4f43-a4c6-96dc6e46ea0f","userId":null,"columnId":null},"msg":"parsed body"}
{"level":30,"time":1640268206001,"pid":71595,"hostname":"EPRUIZHW00BE","reqId":"req-u","res":{"statusCode":201},"responseTime":0.32053709030151367,"msg":"request completed"}
{"level":30,"time":1640268206001,"pid":71595,"hostname":"EPRUIZHW00BE","reqId":"req-v","req":{"method":"POST","url":"/boards/a0fef90a-8994-4f43-a4c6-96dc6e46ea0f/tasks","params":{"board":"a0fef90a-8994-4f43-a4c6-96dc6e46ea0f"},"hostname":"localhost:4000"},"msg":"incoming request"}
{"level":30,"time":1640268206002,"pid":71595,"hostname":"EPRUIZHW00BE","reqId":"req-v","body":{"title":"Task #3","order":3,"description":"Lorem ipsum","boardId":"a0fef90a-8994-4f43-a4c6-96dc6e46ea0f","userId":null,"columnId":null},"msg":"parsed body"}
{"level":30,"time":1640268206002,"pid":71595,"hostname":"EPRUIZHW00BE","reqId":"req-v","res":{"statusCode":201},"responseTime":0.3479340076446533,"msg":"request completed"}
{"level":30,"time":1640268206002,"pid":71595,"hostname":"EPRUIZHW00BE","reqId":"req-w","req":{"method":"POST","url":"/boards/a0fef90a-8994-4f43-a4c6-96dc6e46ea0f/tasks","params":{"board":"a0fef90a-8994-4f43-a4c6-96dc6e46ea0f"},"hostname":"localhost:4000"},"msg":"incoming request"}
{"level":30,"time":1640268206002,"pid":71595,"hostname":"EPRUIZHW00BE","reqId":"req-w","body":{"title":"Task #4","order":4,"description":"Lorem ipsum","boardId":"a0fef90a-8994-4f43-a4c6-96dc6e46ea0f","userId":null,"columnId":null},"msg":"parsed body"}
{"level":30,"time":1640268206002,"pid":71595,"hostname":"EPRUIZHW00BE","reqId":"req-w","res":{"statusCode":201},"responseTime":0.3858461380004883,"msg":"request completed"}
{"level":30,"time":1640268206002,"pid":71595,"hostname":"EPRUIZHW00BE","reqId":"req-x","req":{"method":"POST","url":"/boards/a0fef90a-8994-4f43-a4c6-96dc6e46ea0f/tasks","params":{"board":"a0fef90a-8994-4f43-a4c6-96dc6e46ea0f"},"hostname":"localhost:4000"},"msg":"incoming request"}
{"level":30,"time":1640268206002,"pid":71595,"hostname":"EPRUIZHW00BE","reqId":"req-x","body":{"title":"Task #5","order":5,"description":"Lorem ipsum","boardId":"a0fef90a-8994-4f43-a4c6-96dc6e46ea0f","userId":null,"columnId":null},"msg":"parsed body"}
{"level":30,"time":1640268206003,"pid":71595,"hostname":"EPRUIZHW00BE","reqId":"req-x","res":{"statusCode":201},"responseTime":0.21051692962646484,"msg":"request completed"}
{"level":30,"time":1640268206008,"pid":71595,"hostname":"EPRUIZHW00BE","reqId":"req-y","req":{"method":"GET","url":"/boards/a0fef90a-8994-4f43-a4c6-96dc6e46ea0f/tasks/d707c58c-1405-4202-a7da-34a00fedb281","params":{"board":"a0fef90a-8994-4f43-a4c6-96dc6e46ea0f","task":"d707c58c-1405-4202-a7da-34a00fedb281"},"hostname":"localhost:4000"},"msg":"incoming request"}
{"level":30,"time":1640268206009,"pid":71595,"hostname":"EPRUIZHW00BE","reqId":"req-y","res":{"statusCode":200},"responseTime":0.17926907539367676,"msg":"request completed"}
{"level":30,"time":1640268206009,"pid":71595,"hostname":"EPRUIZHW00BE","reqId":"req-z","req":{"method":"GET","url":"/boards/a0fef90a-8994-4f43-a4c6-96dc6e46ea0f/tasks/31f216fe-1854-4365-a6bb-9acbda850354","params":{"board":"a0fef90a-8994-4f43-a4c6-96dc6e46ea0f","task":"31f216fe-1854-4365-a6bb-9acbda850354"},"hostname":"localhost:4000"},"msg":"incoming request"}
{"level":30,"time":1640268206009,"pid":71595,"hostname":"EPRUIZHW00BE","reqId":"req-z","res":{"statusCode":200},"responseTime":0.1177670955657959,"msg":"request completed"}
{"level":30,"time":1640268206009,"pid":71595,"hostname":"EPRUIZHW00BE","reqId":"req-10","req":{"method":"GET","url":"/boards/a0fef90a-8994-4f43-a4c6-96dc6e46ea0f/tasks/a17ea137-4ec9-4849-8bab-2f5baf0e5a6a","params":{"board":"a0fef90a-8994-4f43-a4c6-96dc6e46ea0f","task":"a17ea137-4ec9-4849-8bab-2f5baf0e5a6a"},"hostname":"localhost:4000"},"msg":"incoming request"}
{"level":30,"time":1640268206009,"pid":71595,"hostname":"EPRUIZHW00BE","reqId":"req-10","res":{"statusCode":200},"responseTime":0.22139191627502441,"msg":"request completed"}
{"level":30,"time":1640268206009,"pid":71595,"hostname":"EPRUIZHW00BE","reqId":"req-11","req":{"method":"GET","url":"/boards/a0fef90a-8994-4f43-a4c6-96dc6e46ea0f/tasks/413c60b2-d461-4b22-b7db-4e123da0947b","params":{"board":"a0fef90a-8994-4f43-a4c6-96dc6e46ea0f","task":"413c60b2-d461-4b22-b7db-4e123da0947b"},"hostname":"localhost:4000"},"msg":"incoming request"}
{"level":30,"time":1640268206010,"pid":71595,"hostname":"EPRUIZHW00BE","reqId":"req-11","res":{"statusCode":200},"responseTime":0.12288689613342285,"msg":"request completed"}
{"level":30,"time":1640268206010,"pid":71595,"hostname":"EPRUIZHW00BE","reqId":"req-12","req":{"method":"GET","url":"/boards/a0fef90a-8994-4f43-a4c6-96dc6e46ea0f/tasks/b09171da-24e0-4bed-aeb4-ce0bef97cc13","params":{"board":"a0fef90a-8994-4f43-a4c6-96dc6e46ea0f","task":"b09171da-24e0-4bed-aeb4-ce0bef97cc13"},"hostname":"localhost:4000"},"msg":"incoming request"}
{"level":30,"time":1640268206010,"pid":71595,"hostname":"EPRUIZHW00BE","reqId":"req-12","res":{"statusCode":200},"responseTime":0.12388992309570312,"msg":"request completed"}
{"level":30,"time":1640268206012,"pid":71595,"hostname":"EPRUIZHW00BE","reqId":"req-13","req":{"method":"DELETE","url":"/boards/a0fef90a-8994-4f43-a4c6-96dc6e46ea0f","params":{"board":"a0fef90a-8994-4f43-a4c6-96dc6e46ea0f"},"hostname":"localhost:4000"},"msg":"incoming request"}
{"level":30,"time":1640268206012,"pid":71595,"hostname":"EPRUIZHW00BE","reqId":"req-13","res":{"statusCode":204},"responseTime":0.14003705978393555,"msg":"request completed"}
{"level":30,"time":1640268206018,"pid":71595,"hostname":"EPRUIZHW00BE","reqId":"req-14","req":{"method":"GET","url":"/boards/a0fef90a-8994-4f43-a4c6-96dc6e46ea0f/tasks/d707c58c-1405-4202-a7da-34a00fedb281","params":{"board":"a0fef90a-8994-4f43-a4c6-96dc6e46ea0f","task":"d707c58c-1405-4202-a7da-34a00fedb281"},"hostname":"localhost:4000"},"msg":"incoming request"}
{"level":30,"time":1640268206018,"pid":71595,"hostname":"EPRUIZHW00BE","reqId":"req-14","msg":"Route GET:/boards/a0fef90a-8994-4f43-a4c6-96dc6e46ea0f/tasks/d707c58c-1405-4202-a7da-34a00fedb281 not found"}
{"level":30,"time":1640268206018,"pid":71595,"hostname":"EPRUIZHW00BE","reqId":"req-14","res":{"statusCode":404},"responseTime":0.16735410690307617,"msg":"request completed"}
{"level":30,"time":1640268206018,"pid":71595,"hostname":"EPRUIZHW00BE","reqId":"req-15","req":{"method":"GET","url":"/boards/a0fef90a-8994-4f43-a4c6-96dc6e46ea0f/tasks/31f216fe-1854-4365-a6bb-9acbda850354","params":{"board":"a0fef90a-8994-4f43-a4c6-96dc6e46ea0f","task":"31f216fe-1854-4365-a6bb-9acbda850354"},"hostname":"localhost:4000"},"msg":"incoming request"}
{"level":30,"time":1640268206018,"pid":71595,"hostname":"EPRUIZHW00BE","reqId":"req-15","msg":"Route GET:/boards/a0fef90a-8994-4f43-a4c6-96dc6e46ea0f/tasks/31f216fe-1854-4365-a6bb-9acbda850354 not found"}
{"level":30,"time":1640268206018,"pid":71595,"hostname":"EPRUIZHW00BE","reqId":"req-15","res":{"statusCode":404},"responseTime":0.1277329921722412,"msg":"request completed"}
{"level":30,"time":1640268206018,"pid":71595,"hostname":"EPRUIZHW00BE","reqId":"req-16","req":{"method":"GET","url":"/boards/a0fef90a-8994-4f43-a4c6-96dc6e46ea0f/tasks/413c60b2-d461-4b22-b7db-4e123da0947b","params":{"board":"a0fef90a-8994-4f43-a4c6-96dc6e46ea0f","task":"413c60b2-d461-4b22-b7db-4e123da0947b"},"hostname":"localhost:4000"},"msg":"incoming request"}
{"level":30,"time":1640268206018,"pid":71595,"hostname":"EPRUIZHW00BE","reqId":"req-16","msg":"Route GET:/boards/a0fef90a-8994-4f43-a4c6-96dc6e46ea0f/tasks/413c60b2-d461-4b22-b7db-4e123da0947b not found"}
{"level":30,"time":1640268206018,"pid":71595,"hostname":"EPRUIZHW00BE","reqId":"req-16","res":{"statusCode":404},"responseTime":0.24678993225097656,"msg":"request completed"}
{"level":30,"time":1640268206019,"pid":71595,"hostname":"EPRUIZHW00BE","reqId":"req-17","req":{"method":"GET","url":"/boards/a0fef90a-8994-4f43-a4c6-96dc6e46ea0f/tasks/a17ea137-4ec9-4849-8bab-2f5baf0e5a6a","params":{"board":"a0fef90a-8994-4f43-a4c6-96dc6e46ea0f","task":"a17ea137-4ec9-4849-8bab-2f5baf0e5a6a"},"hostname":"localhost:4000"},"msg":"incoming request"}
{"level":30,"time":1640268206019,"pid":71595,"hostname":"EPRUIZHW00BE","reqId":"req-17","msg":"Route GET:/boards/a0fef90a-8994-4f43-a4c6-96dc6e46ea0f/tasks/a17ea137-4ec9-4849-8bab-2f5baf0e5a6a not found"}
{"level":30,"time":1640268206019,"pid":71595,"hostname":"EPRUIZHW00BE","reqId":"req-17","res":{"statusCode":404},"responseTime":0.12878203392028809,"msg":"request completed"}
{"level":30,"time":1640268206019,"pid":71595,"hostname":"EPRUIZHW00BE","reqId":"req-18","req":{"method":"GET","url":"/boards/a0fef90a-8994-4f43-a4c6-96dc6e46ea0f/tasks/b09171da-24e0-4bed-aeb4-ce0bef97cc13","params":{"board":"a0fef90a-8994-4f43-a4c6-96dc6e46ea0f","task":"b09171da-24e0-4bed-aeb4-ce0bef97cc13"},"hostname":"localhost:4000"},"msg":"incoming request"}
{"level":30,"time":1640268206019,"pid":71595,"hostname":"EPRUIZHW00BE","reqId":"req-18","msg":"Route GET:/boards/a0fef90a-8994-4f43-a4c6-96dc6e46ea0f/tasks/b09171da-24e0-4bed-aeb4-ce0bef97cc13 not found"}
{"level":30,"time":1640268206019,"pid":71595,"hostname":"EPRUIZHW00BE","reqId":"req-18","res":{"statusCode":404},"responseTime":0.11438298225402832,"msg":"request completed"}
{"level":30,"time":1640268206022,"pid":71595,"hostname":"EPRUIZHW00BE","reqId":"req-19","req":{"method":"DELETE","url":"/boards/369ab91f-b54a-460d-b245-7dad2386964d","params":{"board":"369ab91f-b54a-460d-b245-7dad2386964d"},"hostname":"localhost:4000"},"msg":"incoming request"}
{"level":30,"time":1640268206022,"pid":71595,"hostname":"EPRUIZHW00BE","reqId":"req-19","res":{"statusCode":204},"responseTime":0.13266611099243164,"msg":"request completed"}
{"level":30,"time":1640268206235,"pid":71595,"hostname":"EPRUIZHW00BE","reqId":"req-1a","req":{"method":"GET","url":"/users","params":{},"hostname":"localhost:4000"},"msg":"incoming request"}
{"level":30,"time":1640268206236,"pid":71595,"hostname":"EPRUIZHW00BE","reqId":"req-1a","res":{"statusCode":200},"responseTime":0.3268558979034424,"msg":"request completed"}
{"level":30,"time":1640268206240,"pid":71595,"hostname":"EPRUIZHW00BE","reqId":"req-1b","req":{"method":"POST","url":"/users","params":{},"hostname":"localhost:4000"},"msg":"incoming request"}
{"level":30,"time":1640268206241,"pid":71595,"hostname":"EPRUIZHW00BE","reqId":"req-1b","body":{"name":"TEST_USER","login":"test_user","password":"T35t_P@55w0rd"},"msg":"parsed body"}
{"level":30,"time":1640268206241,"pid":71595,"hostname":"EPRUIZHW00BE","reqId":"req-1b","res":{"statusCode":201},"responseTime":0.4505138397216797,"msg":"request completed"}
{"level":30,"time":1640268206243,"pid":71595,"hostname":"EPRUIZHW00BE","reqId":"req-1c","req":{"method":"GET","url":"/users/ee3ced33-7ea0-4770-923f-7ba38b8c0d6e","params":{"user":"ee3ced33-7ea0-4770-923f-7ba38b8c0d6e"},"hostname":"localhost:4000"},"msg":"incoming request"}
{"level":30,"time":1640268206243,"pid":71595,"hostname":"EPRUIZHW00BE","reqId":"req-1c","res":{"statusCode":200},"responseTime":0.2828381061553955,"msg":"request completed"}
{"level":30,"time":1640268206245,"pid":71595,"hostname":"EPRUIZHW00BE","reqId":"req-1d","req":{"method":"DELETE","url":"/users/ee3ced33-7ea0-4770-923f-7ba38b8c0d6e","params":{"user":"ee3ced33-7ea0-4770-923f-7ba38b8c0d6e"},"hostname":"localhost:4000"},"msg":"incoming request"}
{"level":30,"time":1640268206246,"pid":71595,"hostname":"EPRUIZHW00BE","reqId":"req-1d","res":{"statusCode":204},"responseTime":0.2867770195007324,"msg":"request completed"}
{"level":30,"time":1640268206248,"pid":71595,"hostname":"EPRUIZHW00BE","reqId":"req-1e","req":{"method":"POST","url":"/users","params":{},"hostname":"localhost:4000"},"msg":"incoming request"}
{"level":30,"time":1640268206248,"pid":71595,"hostname":"EPRUIZHW00BE","reqId":"req-1e","body":{"name":"TEST_USER","login":"test_user","password":"T35t_P@55w0rd"},"msg":"parsed body"}
{"level":30,"time":1640268206248,"pid":71595,"hostname":"EPRUIZHW00BE","reqId":"req-1e","res":{"statusCode":201},"responseTime":0.34189295768737793,"msg":"request completed"}
{"level":30,"time":1640268206252,"pid":71595,"hostname":"EPRUIZHW00BE","reqId":"req-1f","req":{"method":"DELETE","url":"/users/a47b7257-39bc-4986-b36c-958eb7d6491a","params":{"user":"a47b7257-39bc-4986-b36c-958eb7d6491a"},"hostname":"localhost:4000"},"msg":"incoming request"}
{"level":30,"time":1640268206252,"pid":71595,"hostname":"EPRUIZHW00BE","reqId":"req-1f","res":{"statusCode":204},"responseTime":0.11748194694519043,"msg":"request completed"}
{"level":30,"time":1640268206254,"pid":71595,"hostname":"EPRUIZHW00BE","reqId":"req-1g","req":{"method":"POST","url":"/users","params":{},"hostname":"localhost:4000"},"msg":"incoming request"}
{"level":30,"time":1640268206254,"pid":71595,"hostname":"EPRUIZHW00BE","reqId":"req-1g","body":{"name":"TEST_USER","login":"test_user","password":"T35t_P@55w0rd"},"msg":"parsed body"}
{"level":30,"time":1640268206254,"pid":71595,"hostname":"EPRUIZHW00BE","reqId":"req-1g","res":{"statusCode":201},"responseTime":0.3903839588165283,"msg":"request completed"}
{"level":30,"time":1640268206256,"pid":71595,"hostname":"EPRUIZHW00BE","reqId":"req-1h","req":{"method":"PUT","url":"/users/eaedc704-240b-4786-9683-afa12408a943","params":{"user":"eaedc704-240b-4786-9683-afa12408a943"},"hostname":"localhost:4000"},"msg":"incoming request"}
{"level":30,"time":1640268206256,"pid":71595,"hostname":"EPRUIZHW00BE","reqId":"req-1h","body":{"name":"Autotest updated TEST_USER","login":"test_user","password":"T35t_P@55w0rd","id":"eaedc704-240b-4786-9683-afa12408a943"},"msg":"parsed body"}
{"level":30,"time":1640268206256,"pid":71595,"hostname":"EPRUIZHW00BE","reqId":"req-1h","res":{"statusCode":200},"responseTime":0.4031538963317871,"msg":"request completed"}
{"level":30,"time":1640268206258,"pid":71595,"hostname":"EPRUIZHW00BE","reqId":"req-1i","req":{"method":"GET","url":"/users/eaedc704-240b-4786-9683-afa12408a943","params":{"user":"eaedc704-240b-4786-9683-afa12408a943"},"hostname":"localhost:4000"},"msg":"incoming request"}
{"level":30,"time":1640268206258,"pid":71595,"hostname":"EPRUIZHW00BE","reqId":"req-1i","res":{"statusCode":200},"responseTime":0.18219614028930664,"msg":"request completed"}
{"level":30,"time":1640268206260,"pid":71595,"hostname":"EPRUIZHW00BE","reqId":"req-1j","req":{"method":"DELETE","url":"/users/eaedc704-240b-4786-9683-afa12408a943","params":{"user":"eaedc704-240b-4786-9683-afa12408a943"},"hostname":"localhost:4000"},"msg":"incoming request"}
{"level":30,"time":1640268206260,"pid":71595,"hostname":"EPRUIZHW00BE","reqId":"req-1j","res":{"statusCode":204},"responseTime":0.15639090538024902,"msg":"request completed"}
{"level":30,"time":1640268206263,"pid":71595,"hostname":"EPRUIZHW00BE","reqId":"req-1k","req":{"method":"POST","url":"/users","params":{},"hostname":"localhost:4000"},"msg":"incoming request"}
{"level":30,"time":1640268206263,"pid":71595,"hostname":"EPRUIZHW00BE","reqId":"req-1k","body":{"name":"TEST_USER","login":"test_user","password":"T35t_P@55w0rd"},"msg":"parsed body"}
{"level":30,"time":1640268206263,"pid":71595,"hostname":"EPRUIZHW00BE","reqId":"req-1k","res":{"statusCode":201},"responseTime":0.24323415756225586,"msg":"request completed"}
{"level":30,"time":1640268206264,"pid":71595,"hostname":"EPRUIZHW00BE","reqId":"req-1l","req":{"method":"DELETE","url":"/users/8c5c0619-e3af-44e9-a52f-2d8538138aa9","params":{"user":"8c5c0619-e3af-44e9-a52f-2d8538138aa9"},"hostname":"localhost:4000"},"msg":"incoming request"}
{"level":30,"time":1640268206265,"pid":71595,"hostname":"EPRUIZHW00BE","reqId":"req-1l","res":{"statusCode":204},"responseTime":0.12139296531677246,"msg":"request completed"}
{"level":30,"time":1640268206268,"pid":71595,"hostname":"EPRUIZHW00BE","reqId":"req-1m","req":{"method":"POST","url":"/users","params":{},"hostname":"localhost:4000"},"msg":"incoming request"}
{"level":30,"time":1640268206268,"pid":71595,"hostname":"EPRUIZHW00BE","reqId":"req-1m","body":{"name":"TEST_USER","login":"test_user","password":"T35t_P@55w0rd"},"msg":"parsed body"}
{"level":30,"time":1640268206268,"pid":71595,"hostname":"EPRUIZHW00BE","reqId":"req-1m","res":{"statusCode":201},"responseTime":0.24228906631469727,"msg":"request completed"}
{"level":30,"time":1640268206270,"pid":71595,"hostname":"EPRUIZHW00BE","reqId":"req-1n","req":{"method":"POST","url":"/boards","params":{},"hostname":"localhost:4000"},"msg":"incoming request"}
{"level":30,"time":1640268206270,"pid":71595,"hostname":"EPRUIZHW00BE","reqId":"req-1n","body":{"title":"Autotest board","columns":[{"title":"Backlog","order":1},{"title":"Sprint","order":2}]},"msg":"parsed body"}
{"level":30,"time":1640268206270,"pid":71595,"hostname":"EPRUIZHW00BE","reqId":"req-1n","res":{"statusCode":201},"responseTime":0.4059579372406006,"msg":"request completed"}
{"level":30,"time":1640268206273,"pid":71595,"hostname":"EPRUIZHW00BE","reqId":"req-1o","req":{"method":"POST","url":"/boards/2755739d-89a9-4c75-bf23-24593dfd3aab/tasks","params":{"board":"2755739d-89a9-4c75-bf23-24593dfd3aab"},"hostname":"localhost:4000"},"msg":"incoming request"}
{"level":30,"time":1640268206273,"pid":71595,"hostname":"EPRUIZHW00BE","reqId":"req-1o","body":{"title":"Task #1","order":1,"description":"Lorem ipsum","userId":"632612b7-912c-488c-bb82-340e7b457ff6","boardId":"2755739d-89a9-4c75-bf23-24593dfd3aab"},"msg":"parsed body"}
{"level":30,"time":1640268206273,"pid":71595,"hostname":"EPRUIZHW00BE","reqId":"req-1o","res":{"statusCode":201},"responseTime":0.26361083984375,"msg":"request completed"}
{"level":30,"time":1640268206273,"pid":71595,"hostname":"EPRUIZHW00BE","reqId":"req-1p","req":{"method":"POST","url":"/boards/2755739d-89a9-4c75-bf23-24593dfd3aab/tasks","params":{"board":"2755739d-89a9-4c75-bf23-24593dfd3aab"},"hostname":"localhost:4000"},"msg":"incoming request"}
{"level":30,"time":1640268206273,"pid":71595,"hostname":"EPRUIZHW00BE","reqId":"req-1p","body":{"title":"Task #2","order":2,"description":"Lorem ipsum","userId":"632612b7-912c-488c-bb82-340e7b457ff6","boardId":"2755739d-89a9-4c75-bf23-24593dfd3aab"},"msg":"parsed body"}
{"level":30,"time":1640268206273,"pid":71595,"hostname":"EPRUIZHW00BE","reqId":"req-1p","res":{"statusCode":201},"responseTime":0.2036581039428711,"msg":"request completed"}
{"level":30,"time":1640268206275,"pid":71595,"hostname":"EPRUIZHW00BE","reqId":"req-1q","req":{"method":"DELETE","url":"/users/632612b7-912c-488c-bb82-340e7b457ff6","params":{"user":"632612b7-912c-488c-bb82-340e7b457ff6"},"hostname":"localhost:4000"},"msg":"incoming request"}
{"level":30,"time":1640268206275,"pid":71595,"hostname":"EPRUIZHW00BE","reqId":"req-1q","res":{"statusCode":204},"responseTime":0.17099404335021973,"msg":"request completed"}
{"level":30,"time":1640268206277,"pid":71595,"hostname":"EPRUIZHW00BE","reqId":"req-1r","req":{"method":"GET","url":"/boards/2755739d-89a9-4c75-bf23-24593dfd3aab/tasks/b4135bd7-ffff-463e-91ab-bca4daba3867","params":{"board":"2755739d-89a9-4c75-bf23-24593dfd3aab","task":"b4135bd7-ffff-463e-91ab-bca4daba3867"},"hostname":"localhost:4000"},"msg":"incoming request"}
{"level":30,"time":1640268206277,"pid":71595,"hostname":"EPRUIZHW00BE","reqId":"req-1r","res":{"statusCode":200},"responseTime":0.14503097534179688,"msg":"request completed"}
{"level":30,"time":1640268206279,"pid":71595,"hostname":"EPRUIZHW00BE","reqId":"req-1s","req":{"method":"GET","url":"/boards/2755739d-89a9-4c75-bf23-24593dfd3aab/tasks/935f6139-1d4c-44d6-b4a4-3eea75097eef","params":{"board":"2755739d-89a9-4c75-bf23-24593dfd3aab","task":"935f6139-1d4c-44d6-b4a4-3eea75097eef"},"hostname":"localhost:4000"},"msg":"incoming request"}
{"level":30,"time":1640268206279,"pid":71595,"hostname":"EPRUIZHW00BE","reqId":"req-1s","res":{"statusCode":200},"responseTime":0.13992905616760254,"msg":"request completed"}
{"level":30,"time":1640268206281,"pid":71595,"hostname":"EPRUIZHW00BE","reqId":"req-1t","req":{"method":"DELETE","url":"/boards/2755739d-89a9-4c75-bf23-24593dfd3aab/tasks/b4135bd7-ffff-463e-91ab-bca4daba3867","params":{"board":"2755739d-89a9-4c75-bf23-24593dfd3aab","task":"b4135bd7-ffff-463e-91ab-bca4daba3867"},"hostname":"localhost:4000"},"msg":"incoming request"}
{"level":30,"time":1640268206281,"pid":71595,"hostname":"EPRUIZHW00BE","reqId":"req-1t","res":{"statusCode":204},"responseTime":0.12208795547485352,"msg":"request completed"}
{"level":30,"time":1640268206281,"pid":71595,"hostname":"EPRUIZHW00BE","reqId":"req-1u","req":{"method":"DELETE","url":"/boards/2755739d-89a9-4c75-bf23-24593dfd3aab/tasks/935f6139-1d4c-44d6-b4a4-3eea75097eef","params":{"board":"2755739d-89a9-4c75-bf23-24593dfd3aab","task":"935f6139-1d4c-44d6-b4a4-3eea75097eef"},"hostname":"localhost:4000"},"msg":"incoming request"}
{"level":30,"time":1640268206281,"pid":71595,"hostname":"EPRUIZHW00BE","reqId":"req-1u","res":{"statusCode":204},"responseTime":0.08774995803833008,"msg":"request completed"}
{"level":30,"time":1640268206282,"pid":71595,"hostname":"EPRUIZHW00BE","reqId":"req-1v","req":{"method":"DELETE","url":"/boards/2755739d-89a9-4c75-bf23-24593dfd3aab","params":{"board":"2755739d-89a9-4c75-bf23-24593dfd3aab"},"hostname":"localhost:4000"},"msg":"incoming request"}
{"level":30,"time":1640268206283,"pid":71595,"hostname":"EPRUIZHW00BE","reqId":"req-1v","res":{"statusCode":204},"responseTime":0.11214709281921387,"msg":"request completed"}
{"level":30,"time":1640268246415,"pid":71787,"hostname":"EPRUIZHW00BE","msg":"Server listening at http://127.0.0.1:4000"}
{"level":30,"time":1640268251102,"pid":71804,"hostname":"EPRUIZHW00BE","msg":"Server listening at http://127.0.0.1:4000"}
{"level":30,"time":1640268292122,"pid":72033,"hostname":"EPRUIZHW00BE","msg":"Server listening at http://127.0.0.1:4000"}
{"level":30,"time":1640268407033,"pid":72081,"hostname":"EPRUIZHW00BE","msg":"Server listening at http://127.0.0.1:4000"}
{"level":30,"time":1640268505511,"pid":72161,"hostname":"EPRUIZHW00BE","msg":"Server listening at http://127.0.0.1:4000"}
{"level":30,"time":1640268523148,"pid":72190,"hostname":"EPRUIZHW00BE","msg":"Server listening at http://127.0.0.1:4000"}
{"level":30,"time":1640268536719,"pid":72206,"hostname":"EPRUIZHW00BE","msg":"Server listening at http://127.0.0.1:4000"}
{"level":30,"time":1640268566460,"pid":72243,"hostname":"EPRUIZHW00BE","msg":"Server listening at http://127.0.0.1:4000"}
{"level":30,"time":1640268587186,"pid":72263,"hostname":"EPRUIZHW00BE","msg":"Server listening at http://127.0.0.1:4000"}
{"level":30,"time":1640268625532,"pid":72312,"hostname":"EPRUIZHW00BE","msg":"Server listening at http://127.0.0.1:4000"}
